[INFO] Scanning for projects...
[WARNING] 
[WARNING] Some problems were encountered while building the effective model for com.jsp:book-my-ticket:jar:0.0.1-SNAPSHOT
[WARNING] 'dependencies.dependency.(groupId:artifactId:type:classifier)' must be unique: com.google.zxing:core:jar -> duplicate declaration of version 3.5.3 @ line 101, column 21
[WARNING] 
[WARNING] It is highly recommended to fix these problems because they threaten the stability of your build.
[WARNING] 
[WARNING] For this reason, future Maven versions might no longer support building such malformed projects.
[WARNING] 
[INFO] 
[INFO] -----------------------< com.jsp:book-my-ticket >-----------------------
[INFO] Building book-my-ticket 0.0.1-SNAPSHOT
[INFO]   from pom.xml
[INFO] --------------------------------[ jar ]---------------------------------
[INFO] 
[INFO] --- resources:3.3.1:resources (default-resources) @ book-my-ticket ---
[INFO] Copying 1 resource from src\main\resources to target\classes
[INFO] Copying 30 resources from src\main\resources to target\classes
[INFO] 
[INFO] --- compiler:3.11.0:compile (default-compile) @ book-my-ticket ---
[INFO] Nothing to compile - all classes are up to date
[INFO] 
[INFO] --- resources:3.3.1:testResources (default-testResources) @ book-my-ticket ---
[INFO] Copying 0 resource from src\test\resources to target\test-classes
[INFO] 
[INFO] --- compiler:3.11.0:testCompile (default-testCompile) @ book-my-ticket ---
[INFO] Changes detected - recompiling the module! :source
[INFO] Compiling 3 source files with javac [debug release 17] to target\test-classes
[INFO] -------------------------------------------------------------
[ERROR] COMPILATION ERROR : 
[INFO] -------------------------------------------------------------
[ERROR] /D:/New folder/book-my-ticket/src/test/java/com/jsp/book/service/DeleteOperationTests.java:[63,17] cannot find symbol
  symbol:   class EmailHelper
  location: class com.jsp.book.service.DeleteOperationTests
[ERROR] /D:/New folder/book-my-ticket/src/test/java/com/jsp/book/service/DeleteOperationTests.java:[67,17] cannot find symbol
  symbol:   class CloudinaryHelper
  location: class com.jsp.book.service.DeleteOperationTests
[ERROR] /D:/New folder/book-my-ticket/src/test/java/com/jsp/book/service/DeleteOperationTests.java:[69,17] cannot find symbol
  symbol:   class QrHelper
  location: class com.jsp.book.service.DeleteOperationTests
[ERROR] /D:/New folder/book-my-ticket/src/test/java/com/jsp/book/service/DeleteOperationsIntegrationTests.java:[70,17] cannot find symbol
  symbol:   class EmailHelper
  location: class com.jsp.book.service.DeleteOperationsIntegrationTests
[ERROR] /D:/New folder/book-my-ticket/src/test/java/com/jsp/book/service/DeleteOperationsIntegrationTests.java:[74,17] cannot find symbol
  symbol:   class CloudinaryHelper
  location: class com.jsp.book.service.DeleteOperationsIntegrationTests
[ERROR] /D:/New folder/book-my-ticket/src/test/java/com/jsp/book/service/DeleteOperationsIntegrationTests.java:[76,17] cannot find symbol
  symbol:   class QrHelper
  location: class com.jsp.book.service.DeleteOperationsIntegrationTests
[INFO] 6 errors 
[INFO] -------------------------------------------------------------
[INFO] ------------------------------------------------------------------------
[INFO] BUILD FAILURE
[INFO] ------------------------------------------------------------------------
[INFO] Total time:  5.427 s
[INFO] Finished at: 2026-05-05T21:21:03+05:30
[INFO] ------------------------------------------------------------------------
[ERROR] Failed to execute goal org.apache.maven.plugins:maven-compiler-plugin:3.11.0:testCompile (default-testCompile) on project book-my-ticket: Compilation failure: Compilation failure: 
[ERROR] /D:/New folder/book-my-ticket/src/test/java/com/jsp/book/service/DeleteOperationTests.java:[63,17] cannot find symbol
[ERROR]   symbol:   class EmailHelper
[ERROR]   location: class com.jsp.book.service.DeleteOperationTests
[ERROR] /D:/New folder/book-my-ticket/src/test/java/com/jsp/book/service/DeleteOperationTests.java:[67,17] cannot find symbol
[ERROR]   symbol:   class CloudinaryHelper
[ERROR]   location: class com.jsp.book.service.DeleteOperationTests
[ERROR] /D:/New folder/book-my-ticket/src/test/java/com/jsp/book/service/DeleteOperationTests.java:[69,17] cannot find symbol
[ERROR]   symbol:   class QrHelper
[ERROR]   location: class com.jsp.book.service.DeleteOperationTests
[ERROR] /D:/New folder/book-my-ticket/src/test/java/com/jsp/book/service/DeleteOperationsIntegrationTests.java:[70,17] cannot find symbol
[ERROR]   symbol:   class EmailHelper
[ERROR]   location: class com.jsp.book.service.DeleteOperationsIntegrationTests
[ERROR] /D:/New folder/book-my-ticket/src/test/java/com/jsp/book/service/DeleteOperationsIntegrationTests.java:[74,17] cannot find symbol
[ERROR]   symbol:   class CloudinaryHelper
[ERROR]   location: class com.jsp.book.service.DeleteOperationsIntegrationTests
[ERROR] /D:/New folder/book-my-ticket/src/test/java/com/jsp/book/service/DeleteOperationsIntegrationTests.java:[76,17] cannot find symbol
[ERROR]   symbol:   class QrHelper
[ERROR]   location: class com.jsp.book.service.DeleteOperationsIntegrationTests
[ERROR] -> [Help 1]
[ERROR] 
[ERROR] To see the full stack trace of the errors, re-run Maven with the -e switch.
[ERROR] Re-run Maven using the -X switch to enable full debug logging.
[ERROR] 
[ERROR] For more information about the errors and possible solutions, please read the following articles:
[ERROR] [Help 1] http://cwiki.apache.org/confluence/display/MAVEN/MojoFailureException
