#
# There is insufficient memory for the Java Runtime Environment to continue.
# Native memory allocation (malloc) failed to allocate 1521888 bytes. Error detail: Chunk::new
# Possible reasons:
#   The system is out of physical RAM or swap space
#   This process is running with CompressedOops enabled, and the Java Heap may be blocking the growth of the native heap
# Possible solutions:
#   Reduce memory load on the system
#   Increase physical memory or swap space
#   Check if swap backing store is full
#   Decrease Java heap size (-Xmx/-Xms)
#   Decrease number of Java threads
#   Decrease Java thread stack sizes (-Xss)
#   Set larger code cache with -XX:ReservedCodeCacheSize=
#   JVM is running with Unscaled Compressed Oops mode in which the Java heap is
#     placed in the first 4GB address space. The Java Heap base address is the
#     maximum limit for the native heap growth. Please use -XX:HeapBaseMinAddress
#     to set the Java Heap base and to place the Java Heap above 4GB virtual address.
# This output file may be truncated or incomplete.
#
#  Out of Memory Error (arena.cpp:168), pid=15620, tid=33648
#
# JRE version: OpenJDK Runtime Environment Temurin-21.0.10+7 (21.0.10+7) (build 21.0.10+7-LTS)
# Java VM: OpenJDK 64-Bit Server VM Temurin-21.0.10+7 (21.0.10+7-LTS, mixed mode, sharing, tiered, compressed oops, compressed class ptrs, parallel gc, windows-amd64)
# No core dump will be written. Minidumps are not enabled by default on client versions of Windows
#

---------------  S U M M A R Y ------------

Command Line: --add-modules=ALL-SYSTEM --add-opens=java.base/java.util=ALL-UNNAMED --add-opens=java.base/java.lang=ALL-UNNAMED --add-opens=java.base/sun.nio.fs=ALL-UNNAMED -Declipse.application=org.eclipse.jdt.ls.core.id1 -Dosgi.bundles.defaultStartLevel=4 -Declipse.product=org.eclipse.jdt.ls.core.product -Djava.import.generatesMetadataFilesAtProjectRoot=false -DDetectVMInstallationsJob.disabled=true -Dfile.encoding=utf8 -XX:+UseParallelGC -XX:GCTimeRatio=4 -XX:AdaptiveSizePolicyWeight=90 -Dsun.zip.disableMemoryMapping=true -Xmx2G -Xms100m -Xlog:disable -javaagent:c:\Users\Prajwal\.vscode\extensions\redhat.java-1.54.0-win32-x64\lombok\lombok-1.18.39-4050.jar -XX:+HeapDumpOnOutOfMemoryError -XX:HeapDumpPath=c:\Users\Prajwal\AppData\Roaming\Code\User\workspaceStorage\c86fa4488c913e18fb05ac187a5de860\redhat.java -Daether.dependencyCollector.impl=bf c:\Users\Prajwal\.vscode\extensions\redhat.java-1.54.0-win32-x64\server\plugins\org.eclipse.equinox.launcher_1.7.100.v20251111-0406.jar -configuration c:\Users\Prajwal\AppData\Roaming\Code\User\globalStorage\redhat.java\1.54.0\config_win -data c:\Users\Prajwal\AppData\Roaming\Code\User\workspaceStorage\c86fa4488c913e18fb05ac187a5de860\redhat.java\jdt_ws --pipe=\\.\pipe\lsp-3b8f4dab98587d8c5c144d66e787ff5f-sock

Host: 13th Gen Intel(R) Core(TM) i5-13420H, 12 cores, 7G,  Windows 11 , 64 bit Build 26100 (10.0.26100.8246)
Time: Thu May  7 22:42:50 2026 India Standard Time elapsed time: 80.454768 seconds (0d 0h 1m 20s)

---------------  T H R E A D  ---------------

Current thread (0x00000219f3ba3410):  JavaThread "C2 CompilerThread0" daemon [_thread_in_native, id=33648, stack(0x000000ddecd00000,0x000000ddece00000) (1024K)]


Current CompileTask:
C2:80454 8544 %     4       org.lombokweb.asm.ClassReader::readCode @ 2239 (5117 bytes)

Stack: [0x000000ddecd00000,0x000000ddece00000]
Native frames: (J=compiled Java code, j=interpreted, Vv=VM code, C=native code)
V  [jvm.dll+0x6d7a39]
V  [jvm.dll+0x8b4b26]
V  [jvm.dll+0x8b70de]
V  [jvm.dll+0x8b77c3]
V  [jvm.dll+0x284346]
V  [jvm.dll+0xc66ed]
V  [jvm.dll+0xc6c31]
V  [jvm.dll+0x3bec3b]
V  [jvm.dll+0x1e3d62]
V  [jvm.dll+0x24c6b3]
V  [jvm.dll+0x24bb40]
V  [jvm.dll+0x1cb34e]
V  [jvm.dll+0x25b85d]
V  [jvm.dll+0x259dea]
V  [jvm.dll+0x3f857e]
V  [jvm.dll+0x85f59d]
V  [jvm.dll+0x6d626d]
C  [ucrtbase.dll+0x37b0]
C  [KERNEL32.DLL+0x2e8d7]
C  [ntdll.dll+0x8c3fc]


---------------  P R O C E S S  ---------------

Threads class SMR info:
_java_thread_list=0x00000219f3d76a00, length=67, elements={
0x00000219db2ab220, 0x00000219f3b84730, 0x00000219f3b87380, 0x00000219f3b8a400,
0x00000219f3b8d0f0, 0x00000219f3b8f280, 0x00000219f3b9f8a0, 0x00000219f3ba3410,
0x00000219f3bb45f0, 0x00000219f3e438d0, 0x00000219f3e41170, 0x00000219f3e445f0,
0x00000219f3e43240, 0x00000219f3e42bb0, 0x00000219f3e41800, 0x00000219f3e41e90,
0x00000219f3e42520, 0x00000219f84f7510, 0x00000219f84f88c0, 0x00000219f84f7ba0,
0x00000219f84f6e80, 0x00000219f84f8f50, 0x00000219f84f8230, 0x00000219f84fbd40,
0x00000219f84fca60, 0x00000219f84fd0f0, 0x00000219f84fb020, 0x00000219f84fd780,
0x00000219f84fa300, 0x00000219f84fde10, 0x00000219f84fa990, 0x00000219f84fb6b0,
0x00000219fb563640, 0x00000219fb560ee0, 0x00000219fb561570, 0x00000219fb560850,
0x00000219fb5601c0, 0x00000219fb561c00, 0x00000219fb563cd0, 0x00000219fb565710,
0x00000219fb565080, 0x00000219fb564360, 0x00000219fb565da0, 0x00000219fb567150,
0x00000219fb566430, 0x00000219fb566ac0, 0x00000219fb5649f0, 0x00000219fb5677e0,
0x00000219fa27fd00, 0x00000219fa280390, 0x00000219fa281740, 0x00000219fa280a20,
0x00000219fa2810b0, 0x00000219fa27e2c0, 0x00000219fa281dd0, 0x00000219fa27e950,
0x00000219fa282460, 0x00000219fa27efe0, 0x00000219fa284bc0, 0x00000219fa282af0,
0x00000219fa283180, 0x00000219fa285250, 0x00000219fa283810, 0x00000219fa284530,
0x00000219fa283ea0, 0x00000219f8a34550, 0x00000219f865e060
}

Java Threads: ( => current thread )
  0x00000219db2ab220 JavaThread "main"                              [_thread_blocked, id=20236, stack(0x000000ddec300000,0x000000ddec400000) (1024K)]
  0x00000219f3b84730 JavaThread "Reference Handler"          daemon [_thread_blocked, id=3548, stack(0x000000ddec700000,0x000000ddec800000) (1024K)]
  0x00000219f3b87380 JavaThread "Finalizer"                  daemon [_thread_blocked, id=31752, stack(0x000000ddec800000,0x000000ddec900000) (1024K)]
  0x00000219f3b8a400 JavaThread "Signal Dispatcher"          daemon [_thread_blocked, id=33604, stack(0x000000ddec900000,0x000000ddeca00000) (1024K)]
  0x00000219f3b8d0f0 JavaThread "Attach Listener"            daemon [_thread_blocked, id=22088, stack(0x000000ddeca00000,0x000000ddecb00000) (1024K)]
  0x00000219f3b8f280 JavaThread "Service Thread"             daemon [_thread_blocked, id=16900, stack(0x000000ddecb00000,0x000000ddecc00000) (1024K)]
  0x00000219f3b9f8a0 JavaThread "Monitor Deflation Thread"   daemon [_thread_blocked, id=22116, stack(0x000000ddecc00000,0x000000ddecd00000) (1024K)]
=>0x00000219f3ba3410 JavaThread "C2 CompilerThread0"         daemon [_thread_in_native, id=33648, stack(0x000000ddecd00000,0x000000ddece00000) (1024K)]
  0x00000219f3bb45f0 JavaThread "C1 CompilerThread0"         daemon [_thread_blocked, id=12764, stack(0x000000ddece00000,0x000000ddecf00000) (1024K)]
  0x00000219f3e438d0 JavaThread "Common-Cleaner"             daemon [_thread_blocked, id=32616, stack(0x000000dded000000,0x000000dded100000) (1024K)]
  0x00000219f3e41170 JavaThread "Notification Thread"        daemon [_thread_blocked, id=24184, stack(0x000000dded100000,0x000000dded200000) (1024K)]
  0x00000219f3e445f0 JavaThread "Active Thread: Equinox Container: 82880b17-3f1c-4fa4-945e-7af02d4be2cf"        [_thread_blocked, id=32188, stack(0x000000dded700000,0x000000dded800000) (1024K)]
  0x00000219f3e43240 JavaThread "Refresh Thread: Equinox Container: 82880b17-3f1c-4fa4-945e-7af02d4be2cf" daemon [_thread_blocked, id=17068, stack(0x000000dded900000,0x000000ddeda00000) (1024K)]
  0x00000219f3e42bb0 JavaThread "Framework Event Dispatcher: Equinox Container: 82880b17-3f1c-4fa4-945e-7af02d4be2cf" daemon [_thread_blocked, id=10116, stack(0x000000ddeda00000,0x000000ddedb00000) (1024K)]
  0x00000219f3e41800 JavaThread "Start Level: Equinox Container: 82880b17-3f1c-4fa4-945e-7af02d4be2cf" daemon [_thread_blocked, id=30700, stack(0x000000ddedb00000,0x000000ddedc00000) (1024K)]
  0x00000219f3e41e90 JavaThread "Bundle File Closer"         daemon [_thread_blocked, id=13776, stack(0x000000ddede00000,0x000000ddedf00000) (1024K)]
  0x00000219f3e42520 JavaThread "SCR Component Actor"        daemon [_thread_blocked, id=16240, stack(0x000000ddedf00000,0x000000ddee000000) (1024K)]
  0x00000219f84f7510 JavaThread "Worker-JM"                         [_thread_blocked, id=27540, stack(0x000000ddee000000,0x000000ddee100000) (1024K)]
  0x00000219f84f88c0 JavaThread "JNA Cleaner"                daemon [_thread_blocked, id=31140, stack(0x000000ddee100000,0x000000ddee200000) (1024K)]
  0x00000219f84f7ba0 JavaThread "Worker-0"                          [_thread_blocked, id=3732, stack(0x000000ddee200000,0x000000ddee300000) (1024K)]
  0x00000219f84f6e80 JavaThread "Worker-1"                          [_thread_blocked, id=21532, stack(0x000000ddee300000,0x000000ddee400000) (1024K)]
  0x00000219f84f8f50 JavaThread "Worker-2: Building"                [_thread_blocked, id=13424, stack(0x000000ddee400000,0x000000ddee500000) (1024K)]
  0x00000219f84f8230 JavaThread "Worker-3"                          [_thread_blocked, id=7724, stack(0x000000ddee500000,0x000000ddee600000) (1024K)]
  0x00000219f84fbd40 JavaThread "Java indexing"              daemon [_thread_in_native, id=21368, stack(0x000000ddee600000,0x000000ddee700000) (1024K)]
  0x00000219f84fca60 JavaThread "Worker-4"                          [_thread_blocked, id=20640, stack(0x000000ddee900000,0x000000ddeea00000) (1024K)]
  0x00000219f84fd0f0 JavaThread "Worker-5: Java indexing... "        [_thread_blocked, id=4720, stack(0x000000ddeec00000,0x000000ddeed00000) (1024K)]
  0x00000219f84fb020 JavaThread "Thread-1"                   daemon [_thread_in_native, id=2532, stack(0x000000ddee700000,0x000000ddee800000) (1024K)]
  0x00000219f84fd780 JavaThread "Thread-2"                   daemon [_thread_in_native, id=21696, stack(0x000000ddee800000,0x000000ddee900000) (1024K)]
  0x00000219f84fa300 JavaThread "Thread-3"                   daemon [_thread_in_native, id=29720, stack(0x000000ddeed00000,0x000000ddeee00000) (1024K)]
  0x00000219f84fde10 JavaThread "Thread-4"                   daemon [_thread_in_native, id=20420, stack(0x000000ddeee00000,0x000000ddeef00000) (1024K)]
  0x00000219f84fa990 JavaThread "Thread-5"                   daemon [_thread_in_native, id=15088, stack(0x000000ddeef00000,0x000000ddef000000) (1024K)]
  0x00000219f84fb6b0 JavaThread "Thread-6"                   daemon [_thread_in_native, id=28764, stack(0x000000ddef000000,0x000000ddef100000) (1024K)]
  0x00000219fb563640 JavaThread "Thread-7"                   daemon [_thread_in_native, id=29872, stack(0x000000ddef100000,0x000000ddef200000) (1024K)]
  0x00000219fb560ee0 JavaThread "Thread-8"                   daemon [_thread_in_native, id=3976, stack(0x000000ddef200000,0x000000ddef300000) (1024K)]
  0x00000219fb561570 JavaThread "Thread-9"                   daemon [_thread_in_native, id=21892, stack(0x000000ddef300000,0x000000ddef400000) (1024K)]
  0x00000219fb560850 JavaThread "Thread-10"                  daemon [_thread_in_native, id=2784, stack(0x000000ddef400000,0x000000ddef500000) (1024K)]
  0x00000219fb5601c0 JavaThread "Thread-11"                  daemon [_thread_in_native, id=24616, stack(0x000000ddef500000,0x000000ddef600000) (1024K)]
  0x00000219fb561c00 JavaThread "Thread-12"                  daemon [_thread_in_native, id=26572, stack(0x000000ddef600000,0x000000ddef700000) (1024K)]
  0x00000219fb563cd0 JavaThread "Thread-13"                  daemon [_thread_in_native, id=25912, stack(0x000000ddef700000,0x000000ddef800000) (1024K)]
  0x00000219fb565710 JavaThread "pool-2-thread-1"                   [_thread_blocked, id=2960, stack(0x000000ddef800000,0x000000ddef900000) (1024K)]
  0x00000219fb565080 JavaThread "WorkspaceEventsHandler"            [_thread_blocked, id=22636, stack(0x000000ddefa00000,0x000000ddefb00000) (1024K)]
  0x00000219fb564360 JavaThread "pool-1-thread-1"                   [_thread_blocked, id=20616, stack(0x000000ddefb00000,0x000000ddefc00000) (1024K)]
  0x00000219fb565da0 JavaThread "Keep-Alive-Timer"           daemon [_thread_blocked, id=25868, stack(0x000000ddefd00000,0x000000ddefe00000) (1024K)]
  0x00000219fb567150 JavaThread "LocalFile Deleter"          daemon [_thread_blocked, id=29996, stack(0x000000ddefc00000,0x000000ddefd00000) (1024K)]
  0x00000219fb566430 JavaThread "LocalFile Deleter"          daemon [_thread_blocked, id=26784, stack(0x000000ddefe00000,0x000000ddeff00000) (1024K)]
  0x00000219fb566ac0 JavaThread "LocalFile Deleter"          daemon [_thread_blocked, id=448, stack(0x000000ddeff00000,0x000000ddf0000000) (1024K)]
  0x00000219fb5649f0 JavaThread "LocalFile Deleter"          daemon [_thread_blocked, id=14968, stack(0x000000ddf0000000,0x000000ddf0100000) (1024K)]
  0x00000219fb5677e0 JavaThread "LocalFile Deleter"          daemon [_thread_blocked, id=14148, stack(0x000000ddf0100000,0x000000ddf0200000) (1024K)]
  0x00000219fa27fd00 JavaThread "LocalFile Deleter"          daemon [_thread_blocked, id=11112, stack(0x000000ddf0200000,0x000000ddf0300000) (1024K)]
  0x00000219fa280390 JavaThread "LocalFile Deleter"          daemon [_thread_blocked, id=22852, stack(0x000000ddf0300000,0x000000ddf0400000) (1024K)]
  0x00000219fa281740 JavaThread "LocalFile Deleter"          daemon [_thread_blocked, id=22320, stack(0x000000ddf0400000,0x000000ddf0500000) (1024K)]
  0x00000219fa280a20 JavaThread "LocalFile Deleter"          daemon [_thread_blocked, id=19180, stack(0x000000ddf0500000,0x000000ddf0600000) (1024K)]
  0x00000219fa2810b0 JavaThread "LocalFile Deleter"          daemon [_thread_blocked, id=33392, stack(0x000000ddf0600000,0x000000ddf0700000) (1024K)]
  0x00000219fa27e2c0 JavaThread "LocalFile Deleter"          daemon [_thread_blocked, id=5284, stack(0x000000ddf0700000,0x000000ddf0800000) (1024K)]
  0x00000219fa281dd0 JavaThread "LocalFile Deleter"          daemon [_thread_blocked, id=32004, stack(0x000000ddf0800000,0x000000ddf0900000) (1024K)]
  0x00000219fa27e950 JavaThread "Compiler Source File Reader" daemon [_thread_blocked, id=25684, stack(0x000000ddf0900000,0x000000ddf0a00000) (1024K)]
  0x00000219fa282460 JavaThread "Compiler Source File Reader" daemon [_thread_blocked, id=26052, stack(0x000000ddf0a00000,0x000000ddf0b00000) (1024K)]
  0x00000219fa27efe0 JavaThread "Compiler Source File Reader" daemon [_thread_blocked, id=27656, stack(0x000000ddf0b00000,0x000000ddf0c00000) (1024K)]
  0x00000219fa284bc0 JavaThread "Compiler Source File Reader" daemon [_thread_blocked, id=30104, stack(0x000000ddf0c00000,0x000000ddf0d00000) (1024K)]
  0x00000219fa282af0 JavaThread "Compiler Source File Reader" daemon [_thread_blocked, id=2848, stack(0x000000ddf0d00000,0x000000ddf0e00000) (1024K)]
  0x00000219fa283180 JavaThread "Compiler Source File Reader" daemon [_thread_blocked, id=26048, stack(0x000000ddf0e00000,0x000000ddf0f00000) (1024K)]
  0x00000219fa285250 JavaThread "Compiler Source File Reader" daemon [_thread_blocked, id=20900, stack(0x000000ddf0f00000,0x000000ddf1000000) (1024K)]
  0x00000219fa283810 JavaThread "Compiler Source File Reader" daemon [_thread_blocked, id=12344, stack(0x000000ddf1000000,0x000000ddf1100000) (1024K)]
  0x00000219fa284530 JavaThread "Compiler Source File Reader" daemon [_thread_blocked, id=6624, stack(0x000000ddf1100000,0x000000ddf1200000) (1024K)]
  0x00000219fa283ea0 JavaThread "Compiler Source File Reader" daemon [_thread_blocked, id=22224, stack(0x000000ddf1200000,0x000000ddf1300000) (1024K)]
  0x00000219f8a34550 JavaThread "C2 CompilerThread1"         daemon [_thread_in_native, id=11432, stack(0x000000ddec000000,0x000000ddec100000) (1024K)]
  0x00000219f865e060 JavaThread "C2 CompilerThread2"         daemon [_thread_in_native, id=13600, stack(0x000000ddf1300000,0x000000ddf1400000) (1024K)]
Total: 67

Other Threads:
  0x00000219db245010 VMThread "VM Thread"                           [id=14360, stack(0x000000ddec600000,0x000000ddec700000) (1024K)]
  0x00000219db13ca00 WatcherThread "VM Periodic Task Thread"        [id=29948, stack(0x000000ddec500000,0x000000ddec600000) (1024K)]
  0x00000219db2c9c00 WorkerThread "GC Thread#0"                     [id=23704, stack(0x000000ddec400000,0x000000ddec500000) (1024K)]
  0x00000219f8108ef0 WorkerThread "GC Thread#1"                     [id=14008, stack(0x000000ddecf00000,0x000000dded000000) (1024K)]
  0x00000219f80c7320 WorkerThread "GC Thread#2"                     [id=31944, stack(0x000000dded200000,0x000000dded300000) (1024K)]
  0x00000219f8212730 WorkerThread "GC Thread#3"                     [id=22352, stack(0x000000dded300000,0x000000dded400000) (1024K)]
  0x00000219f80c8b50 WorkerThread "GC Thread#4"                     [id=31040, stack(0x000000dded400000,0x000000dded500000) (1024K)]
  0x00000219f80c8f00 WorkerThread "GC Thread#5"                     [id=33512, stack(0x000000dded500000,0x000000dded600000) (1024K)]
  0x00000219f87f9130 WorkerThread "GC Thread#6"                     [id=5176, stack(0x000000dded600000,0x000000dded700000) (1024K)]
  0x00000219f3e17a50 WorkerThread "GC Thread#7"                     [id=12540, stack(0x000000dded800000,0x000000dded900000) (1024K)]
  0x00000219f896cb70 WorkerThread "GC Thread#8"                     [id=19940, stack(0x000000ddedc00000,0x000000ddedd00000) (1024K)]
  0x00000219f896cf20 WorkerThread "GC Thread#9"                     [id=26340, stack(0x000000ddedd00000,0x000000ddede00000) (1024K)]
Total: 12

Threads with active compile tasks:
C2 CompilerThread0  81577 8544 %     4       org.lombokweb.asm.ClassReader::readCode @ 2239 (5117 bytes)
C2 CompilerThread1  81577 8552       4       org.lombokweb.asm.SymbolTable::<init> (554 bytes)
C2 CompilerThread2  81578 8557       4       lombok.patcher.Hook::convertType (64 bytes)
Total: 3

VM state: not at safepoint (normal execution)

VM Mutex/Monitor currently owned by a thread: None

Heap address: 0x0000000080000000, size: 2048 MB, Compressed Oops mode: 32-bit

CDS archive(s) mapped at: [0x0000021980000000-0x0000021980ba0000-0x0000021980ba0000), size 12189696, SharedBaseAddress: 0x0000021980000000, ArchiveRelocationMode: 1.
Compressed class space mapped at: 0x0000021981000000-0x00000219c1000000, reserved size: 1073741824
Narrow klass base: 0x0000021980000000, Narrow klass shift: 0, Narrow klass range: 0x100000000

GC Precious Log:
 CardTable entry size: 512
 CPUs: 12 total, 12 available
 Memory: 7821M
 Large Page Support: Disabled
 NUMA Support: Disabled
 Compressed Oops: Enabled (32-bit)
 Alignments: Space 512K, Generation 512K, Heap 2M
 Heap Min Capacity: 100M
 Heap Initial Capacity: 100M
 Heap Max Capacity: 2G
 Pre-touch: Disabled
 Parallel Workers: 10

Heap:
 PSYoungGen      total 20480K, used 16547K [0x00000000d5580000, 0x00000000d6c80000, 0x0000000100000000)
  eden space 19456K, 79% used [0x00000000d5580000,0x00000000d64b0960,0x00000000d6880000)
  from space 1024K, 96% used [0x00000000d6a00000,0x00000000d6af8458,0x00000000d6b00000)
  to   space 1536K, 0% used [0x00000000d6b00000,0x00000000d6b00000,0x00000000d6c80000)
 ParOldGen       total 68608K, used 42797K [0x0000000080000000, 0x0000000084300000, 0x00000000d5580000)
  object space 68608K, 62% used [0x0000000080000000,0x00000000829cb528,0x0000000084300000)
 Metaspace       used 58738K, committed 60032K, reserved 1114112K
  class space    used 6365K, committed 6976K, reserved 1048576K

Card table byte_map: [0x00000219dac50000,0x00000219db060000] _byte_map_base: 0x00000219da850000

Marking Bits: (ParMarkBitMap*) 0x00007ffbad7a3450
 Begin Bits: [0x00000219ed760000, 0x00000219ef760000)
 End Bits:   [0x00000219ef760000, 0x00000219f1760000)

Polling page: 0x00000219d9120000

Metaspace:

Usage:
  Non-class:     51.15 MB used.
      Class:      6.22 MB used.
       Both:     57.36 MB used.

Virtual space:
  Non-class space:       64.00 MB reserved,      51.81 MB ( 81%) committed,  1 nodes.
      Class space:        1.00 GB reserved,       6.81 MB ( <1%) committed,  1 nodes.
             Both:        1.06 GB reserved,      58.62 MB (  5%) committed. 

Chunk freelists:
   Non-Class:  11.73 MB
       Class:  9.15 MB
        Both:  20.89 MB

MaxMetaspaceSize: unlimited
CompressedClassSpaceSize: 1.00 GB
Initial GC threshold: 21.00 MB
Current GC threshold: 97.31 MB
CDS: on
 - commit_granule_bytes: 65536.
 - commit_granule_words: 8192.
 - virtual_space_node_default_size: 8388608.
 - enlarge_chunks_in_place: 1.
 - use_allocation_guard: 0.


Internal statistics:

num_allocs_failed_limit: 9.
num_arena_births: 1048.
num_arena_deaths: 16.
num_vsnodes_births: 2.
num_vsnodes_deaths: 0.
num_space_committed: 938.
num_space_uncommitted: 0.
num_chunks_returned_to_freelist: 25.
num_chunks_taken_from_freelist: 3744.
num_chunk_merges: 12.
num_chunk_splits: 2190.
num_chunks_enlarged: 1048.
num_inconsistent_stats: 0.

CodeHeap 'non-profiled nmethods': size=120000Kb used=4793Kb max_used=4902Kb free=115206Kb
 bounds [0x00000219e5f80000, 0x00000219e6450000, 0x00000219ed4b0000]
CodeHeap 'profiled nmethods': size=120000Kb used=16913Kb max_used=17636Kb free=103086Kb
 bounds [0x00000219de4b0000, 0x00000219df610000, 0x00000219e59e0000]
CodeHeap 'non-nmethods': size=5760Kb used=1433Kb max_used=1475Kb free=4326Kb
 bounds [0x00000219e59e0000, 0x00000219e5c50000, 0x00000219e5f80000]
CodeCache: size=245760Kb, used=23139Kb, max_used=24013Kb, free=222618Kb
 total_blobs=8446, nmethods=7701, adapters=651, full_count=0
Compilation: enabled, stopped_count=0, restarted_count=0

Compilation events (20 events):
Event: 78.138 Thread 0x00000219f3bb45f0 nmethod 8551 0x00000219de51d010 code [0x00000219de51d280, 0x00000219de51df10]
Event: 78.200 Thread 0x00000219f3bb45f0 8555       3       lombok.patcher.MethodLogistics::loadOpcodeFor (145 bytes)
Event: 78.202 Thread 0x00000219f3bb45f0 nmethod 8555 0x00000219de878010 code [0x00000219de8782c0, 0x00000219de878f38]
Event: 78.203 Thread 0x00000219f8a34550 8552       4       org.lombokweb.asm.SymbolTable::<init> (554 bytes)
Event: 78.224 Thread 0x00000219f3bb45f0 8558       3       org.lombokweb.asm.MethodWriter::visitEnd (1 bytes)
Event: 78.225 Thread 0x00000219f3bb45f0 nmethod 8558 0x00000219de5edc10 code [0x00000219de5edda0, 0x00000219de5edea8]
Event: 78.225 Thread 0x00000219f3bb45f0 8559       3       org.lombokweb.asm.MethodWriter::visitCode (1 bytes)
Event: 78.225 Thread 0x00000219f3bb45f0 nmethod 8559 0x00000219de5f6b10 code [0x00000219de5f6ca0, 0x00000219de5f6da8]
Event: 78.225 Thread 0x00000219f3bb45f0 8560       3       org.lombokweb.asm.MethodWriter::visitMaxs (60 bytes)
Event: 78.226 Thread 0x00000219f3bb45f0 nmethod 8560 0x00000219de620190 code [0x00000219de620360, 0x00000219de620618]
Event: 78.227 Thread 0x00000219f3bb45f0 8561       3       lombok.patcher.MethodLogistics::generateLoadOpcodeForParam (37 bytes)
Event: 78.227 Thread 0x00000219f3bb45f0 nmethod 8561 0x00000219de592190 code [0x00000219de592380, 0x00000219de592938]
Event: 78.275 Thread 0x00000219f3bb45f0 8563       3       org.lombokweb.asm.MethodWriter::visitIntInsn (113 bytes)
Event: 78.276 Thread 0x00000219f3bb45f0 nmethod 8563 0x00000219de539210 code [0x00000219de539400, 0x00000219de539850]
Event: 78.278 Thread 0x00000219f3bb45f0 8564       3       org.lombokweb.asm.MethodVisitor::visitIntInsn (17 bytes)
Event: 78.279 Thread 0x00000219f3bb45f0 nmethod 8564 0x00000219de724310 code [0x00000219de7244c0, 0x00000219de7246c8]
Event: 78.279 Thread 0x00000219f865e060 8553       4       java.util.regex.Pattern$Branch::match (66 bytes)
Event: 78.290 Thread 0x00000219f865e060 nmethod 8553 0x00000219e6000890 code [0x00000219e6000a40, 0x00000219e6000c48]
Event: 78.291 Thread 0x00000219f865e060 8557       4       lombok.patcher.Hook::convertType (64 bytes)
Event: 78.327 Thread 0x00000219f3bb45f0 8567       3       org.lombokweb.asm.Handler::putExceptionTable (63 bytes)

GC Heap History (20 events):
Event: 66.225 GC heap before
{Heap before GC invocations=25 (full 2):
 PSYoungGen      total 23040K, used 23040K [0x00000000d5580000, 0x00000000d7300000, 0x0000000100000000)
  eden space 21504K, 100% used [0x00000000d5580000,0x00000000d6a80000,0x00000000d6a80000)
  from space 1536K, 100% used [0x00000000d6e80000,0x00000000d7000000,0x00000000d7000000)
  to   space 4096K, 0% used [0x00000000d6a80000,0x00000000d6a80000,0x00000000d6e80000)
 ParOldGen       total 68608K, used 32935K [0x0000000080000000, 0x0000000084300000, 0x00000000d5580000)
  object space 68608K, 48% used [0x0000000080000000,0x0000000082029c18,0x0000000084300000)
 Metaspace       used 49076K, committed 50432K, reserved 1114112K
  class space    used 5299K, committed 5888K, reserved 1048576K
}
Event: 66.236 GC heap after
{Heap after GC invocations=25 (full 2):
 PSYoungGen      total 23552K, used 1856K [0x00000000d5580000, 0x00000000d6f80000, 0x0000000100000000)
  eden space 21504K, 0% used [0x00000000d5580000,0x00000000d5580000,0x00000000d6a80000)
  from space 2048K, 90% used [0x00000000d6a80000,0x00000000d6c50000,0x00000000d6c80000)
  to   space 2560K, 0% used [0x00000000d6d00000,0x00000000d6d00000,0x00000000d6f80000)
 ParOldGen       total 68608K, used 34440K [0x0000000080000000, 0x0000000084300000, 0x00000000d5580000)
  object space 68608K, 50% used [0x0000000080000000,0x00000000821a2240,0x0000000084300000)
 Metaspace       used 49076K, committed 50432K, reserved 1114112K
  class space    used 5299K, committed 5888K, reserved 1048576K
}
Event: 67.507 GC heap before
{Heap before GC invocations=26 (full 2):
 PSYoungGen      total 23552K, used 23360K [0x00000000d5580000, 0x00000000d6f80000, 0x0000000100000000)
  eden space 21504K, 100% used [0x00000000d5580000,0x00000000d6a80000,0x00000000d6a80000)
  from space 2048K, 90% used [0x00000000d6a80000,0x00000000d6c50000,0x00000000d6c80000)
  to   space 2560K, 0% used [0x00000000d6d00000,0x00000000d6d00000,0x00000000d6f80000)
 ParOldGen       total 68608K, used 34440K [0x0000000080000000, 0x0000000084300000, 0x00000000d5580000)
  object space 68608K, 50% used [0x0000000080000000,0x00000000821a2240,0x0000000084300000)
 Metaspace       used 49807K, committed 51136K, reserved 1114112K
  class space    used 5371K, committed 5952K, reserved 1048576K
}
Event: 67.521 GC heap after
{Heap after GC invocations=26 (full 2):
 PSYoungGen      total 24064K, used 2336K [0x00000000d5580000, 0x00000000d6f80000, 0x0000000100000000)
  eden space 21504K, 0% used [0x00000000d5580000,0x00000000d5580000,0x00000000d6a80000)
  from space 2560K, 91% used [0x00000000d6d00000,0x00000000d6f48010,0x00000000d6f80000)
  to   space 2560K, 0% used [0x00000000d6a80000,0x00000000d6a80000,0x00000000d6d00000)
 ParOldGen       total 68608K, used 36136K [0x0000000080000000, 0x0000000084300000, 0x00000000d5580000)
  object space 68608K, 52% used [0x0000000080000000,0x000000008234a240,0x0000000084300000)
 Metaspace       used 49807K, committed 51136K, reserved 1114112K
  class space    used 5371K, committed 5952K, reserved 1048576K
}
Event: 68.071 GC heap before
{Heap before GC invocations=27 (full 2):
 PSYoungGen      total 24064K, used 23840K [0x00000000d5580000, 0x00000000d6f80000, 0x0000000100000000)
  eden space 21504K, 100% used [0x00000000d5580000,0x00000000d6a80000,0x00000000d6a80000)
  from space 2560K, 91% used [0x00000000d6d00000,0x00000000d6f48010,0x00000000d6f80000)
  to   space 2560K, 0% used [0x00000000d6a80000,0x00000000d6a80000,0x00000000d6d00000)
 ParOldGen       total 68608K, used 36136K [0x0000000080000000, 0x0000000084300000, 0x00000000d5580000)
  object space 68608K, 52% used [0x0000000080000000,0x000000008234a240,0x0000000084300000)
 Metaspace       used 50084K, committed 51456K, reserved 1114112K
  class space    used 5405K, committed 6016K, reserved 1048576K
}
Event: 68.084 GC heap after
{Heap after GC invocations=27 (full 2):
 PSYoungGen      total 23552K, used 1664K [0x00000000d5580000, 0x00000000d6e80000, 0x0000000100000000)
  eden space 21504K, 0% used [0x00000000d5580000,0x00000000d5580000,0x00000000d6a80000)
  from space 2048K, 81% used [0x00000000d6a80000,0x00000000d6c20000,0x00000000d6c80000)
  to   space 2048K, 0% used [0x00000000d6c80000,0x00000000d6c80000,0x00000000d6e80000)
 ParOldGen       total 68608K, used 38352K [0x0000000080000000, 0x0000000084300000, 0x00000000d5580000)
  object space 68608K, 55% used [0x0000000080000000,0x0000000082574270,0x0000000084300000)
 Metaspace       used 50084K, committed 51456K, reserved 1114112K
  class space    used 5405K, committed 6016K, reserved 1048576K
}
Event: 69.243 GC heap before
{Heap before GC invocations=28 (full 2):
 PSYoungGen      total 23552K, used 22756K [0x00000000d5580000, 0x00000000d6e80000, 0x0000000100000000)
  eden space 21504K, 98% used [0x00000000d5580000,0x00000000d6a19130,0x00000000d6a80000)
  from space 2048K, 81% used [0x00000000d6a80000,0x00000000d6c20000,0x00000000d6c80000)
  to   space 2048K, 0% used [0x00000000d6c80000,0x00000000d6c80000,0x00000000d6e80000)
 ParOldGen       total 68608K, used 38352K [0x0000000080000000, 0x0000000084300000, 0x00000000d5580000)
  object space 68608K, 55% used [0x0000000080000000,0x0000000082574270,0x0000000084300000)
 Metaspace       used 52002K, committed 53248K, reserved 1114112K
  class space    used 5652K, committed 6208K, reserved 1048576K
}
Event: 69.256 GC heap after
{Heap after GC invocations=28 (full 2):
 PSYoungGen      total 21504K, used 2040K [0x00000000d5580000, 0x00000000d7280000, 0x0000000100000000)
  eden space 19456K, 0% used [0x00000000d5580000,0x00000000d5580000,0x00000000d6880000)
  from space 2048K, 99% used [0x00000000d6c80000,0x00000000d6e7e238,0x00000000d6e80000)
  to   space 4096K, 0% used [0x00000000d6880000,0x00000000d6880000,0x00000000d6c80000)
 ParOldGen       total 68608K, used 39953K [0x0000000080000000, 0x0000000084300000, 0x00000000d5580000)
  object space 68608K, 58% used [0x0000000080000000,0x0000000082704490,0x0000000084300000)
 Metaspace       used 52002K, committed 53248K, reserved 1114112K
  class space    used 5652K, committed 6208K, reserved 1048576K
}
Event: 71.013 GC heap before
{Heap before GC invocations=29 (full 2):
 PSYoungGen      total 21504K, used 21496K [0x00000000d5580000, 0x00000000d7280000, 0x0000000100000000)
  eden space 19456K, 100% used [0x00000000d5580000,0x00000000d6880000,0x00000000d6880000)
  from space 2048K, 99% used [0x00000000d6c80000,0x00000000d6e7e238,0x00000000d6e80000)
  to   space 4096K, 0% used [0x00000000d6880000,0x00000000d6880000,0x00000000d6c80000)
 ParOldGen       total 68608K, used 39953K [0x0000000080000000, 0x0000000084300000, 0x00000000d5580000)
  object space 68608K, 58% used [0x0000000080000000,0x0000000082704490,0x0000000084300000)
 Metaspace       used 53898K, committed 55232K, reserved 1114112K
  class space    used 5856K, committed 6464K, reserved 1048576K
}
Event: 71.024 GC heap after
{Heap after GC invocations=29 (full 2):
 PSYoungGen      total 22016K, used 2400K [0x00000000d5580000, 0x00000000d6e80000, 0x0000000100000000)
  eden space 19456K, 0% used [0x00000000d5580000,0x00000000d5580000,0x00000000d6880000)
  from space 2560K, 93% used [0x00000000d6880000,0x00000000d6ad8000,0x00000000d6b00000)
  to   space 3072K, 0% used [0x00000000d6b80000,0x00000000d6b80000,0x00000000d6e80000)
 ParOldGen       total 68608K, used 41601K [0x0000000080000000, 0x0000000084300000, 0x00000000d5580000)
  object space 68608K, 60% used [0x0000000080000000,0x00000000828a0518,0x0000000084300000)
 Metaspace       used 53898K, committed 55232K, reserved 1114112K
  class space    used 5856K, committed 6464K, reserved 1048576K
}
Event: 72.869 GC heap before
{Heap before GC invocations=30 (full 2):
 PSYoungGen      total 22016K, used 21856K [0x00000000d5580000, 0x00000000d6e80000, 0x0000000100000000)
  eden space 19456K, 100% used [0x00000000d5580000,0x00000000d6880000,0x00000000d6880000)
  from space 2560K, 93% used [0x00000000d6880000,0x00000000d6ad8000,0x00000000d6b00000)
  to   space 3072K, 0% used [0x00000000d6b80000,0x00000000d6b80000,0x00000000d6e80000)
 ParOldGen       total 68608K, used 41601K [0x0000000080000000, 0x0000000084300000, 0x00000000d5580000)
  object space 68608K, 60% used [0x0000000080000000,0x00000000828a0518,0x0000000084300000)
 Metaspace       used 56316K, committed 57600K, reserved 1114112K
  class space    used 6152K, committed 6720K, reserved 1048576K
}
Event: 72.882 GC heap after
{Heap after GC invocations=30 (full 2):
 PSYoungGen      total 20992K, used 1131K [0x00000000d5580000, 0x00000000d6d00000, 0x0000000100000000)
  eden space 19456K, 0% used [0x00000000d5580000,0x00000000d5580000,0x00000000d6880000)
  from space 1536K, 73% used [0x00000000d6b80000,0x00000000d6c9ac10,0x00000000d6d00000)
  to   space 2048K, 0% used [0x00000000d6900000,0x00000000d6900000,0x00000000d6b00000)
 ParOldGen       total 68608K, used 43734K [0x0000000080000000, 0x0000000084300000, 0x00000000d5580000)
  object space 68608K, 63% used [0x0000000080000000,0x0000000082ab5898,0x0000000084300000)
 Metaspace       used 56316K, committed 57600K, reserved 1114112K
  class space    used 6152K, committed 6720K, reserved 1048576K
}
Event: 75.562 GC heap before
{Heap before GC invocations=31 (full 2):
 PSYoungGen      total 20992K, used 20587K [0x00000000d5580000, 0x00000000d6d00000, 0x0000000100000000)
  eden space 19456K, 100% used [0x00000000d5580000,0x00000000d6880000,0x00000000d6880000)
  from space 1536K, 73% used [0x00000000d6b80000,0x00000000d6c9ac10,0x00000000d6d00000)
  to   space 2048K, 0% used [0x00000000d6900000,0x00000000d6900000,0x00000000d6b00000)
 ParOldGen       total 68608K, used 43734K [0x0000000080000000, 0x0000000084300000, 0x00000000d5580000)
  object space 68608K, 63% used [0x0000000080000000,0x0000000082ab5898,0x0000000084300000)
 Metaspace       used 57718K, committed 59008K, reserved 1114112K
  class space    used 6271K, committed 6848K, reserved 1048576K
}
Event: 75.571 GC heap after
{Heap after GC invocations=31 (full 2):
 PSYoungGen      total 21504K, used 640K [0x00000000d5580000, 0x00000000d6c00000, 0x0000000100000000)
  eden space 19456K, 0% used [0x00000000d5580000,0x00000000d5580000,0x00000000d6880000)
  from space 2048K, 31% used [0x00000000d6900000,0x00000000d69a0030,0x00000000d6b00000)
  to   space 1024K, 0% used [0x00000000d6b00000,0x00000000d6b00000,0x00000000d6c00000)
 ParOldGen       total 68608K, used 44802K [0x0000000080000000, 0x0000000084300000, 0x00000000d5580000)
  object space 68608K, 65% used [0x0000000080000000,0x0000000082bc08a8,0x0000000084300000)
 Metaspace       used 57718K, committed 59008K, reserved 1114112K
  class space    used 6271K, committed 6848K, reserved 1048576K
}
Event: 76.858 GC heap before
{Heap before GC invocations=32 (full 2):
 PSYoungGen      total 21504K, used 13579K [0x00000000d5580000, 0x00000000d6c00000, 0x0000000100000000)
  eden space 19456K, 66% used [0x00000000d5580000,0x00000000d6222f68,0x00000000d6880000)
  from space 2048K, 31% used [0x00000000d6900000,0x00000000d69a0030,0x00000000d6b00000)
  to   space 1024K, 0% used [0x00000000d6b00000,0x00000000d6b00000,0x00000000d6c00000)
 ParOldGen       total 68608K, used 44802K [0x0000000080000000, 0x0000000084300000, 0x00000000d5580000)
  object space 68608K, 65% used [0x0000000080000000,0x0000000082bc08a8,0x0000000084300000)
 Metaspace       used 58526K, committed 59776K, reserved 1114112K
  class space    used 6354K, committed 6912K, reserved 1048576K
}
Event: 76.862 GC heap after
{Heap after GC invocations=32 (full 2):
 PSYoungGen      total 20480K, used 570K [0x00000000d5580000, 0x00000000d6c00000, 0x0000000100000000)
  eden space 19456K, 0% used [0x00000000d5580000,0x00000000d5580000,0x00000000d6880000)
  from space 1024K, 55% used [0x00000000d6b00000,0x00000000d6b8e878,0x00000000d6c00000)
  to   space 1024K, 0% used [0x00000000d6a00000,0x00000000d6a00000,0x00000000d6b00000)
 ParOldGen       total 68608K, used 45178K [0x0000000080000000, 0x0000000084300000, 0x00000000d5580000)
  object space 68608K, 65% used [0x0000000080000000,0x0000000082c1e8c8,0x0000000084300000)
 Metaspace       used 58526K, committed 59776K, reserved 1114112K
  class space    used 6354K, committed 6912K, reserved 1048576K
}
Event: 76.862 GC heap before
{Heap before GC invocations=33 (full 3):
 PSYoungGen      total 20480K, used 570K [0x00000000d5580000, 0x00000000d6c00000, 0x0000000100000000)
  eden space 19456K, 0% used [0x00000000d5580000,0x00000000d5580000,0x00000000d6880000)
  from space 1024K, 55% used [0x00000000d6b00000,0x00000000d6b8e878,0x00000000d6c00000)
  to   space 1024K, 0% used [0x00000000d6a00000,0x00000000d6a00000,0x00000000d6b00000)
 ParOldGen       total 68608K, used 45178K [0x0000000080000000, 0x0000000084300000, 0x00000000d5580000)
  object space 68608K, 65% used [0x0000000080000000,0x0000000082c1e8c8,0x0000000084300000)
 Metaspace       used 58526K, committed 59776K, reserved 1114112K
  class space    used 6354K, committed 6912K, reserved 1048576K
}
Event: 77.169 GC heap after
{Heap after GC invocations=33 (full 3):
 PSYoungGen      total 20480K, used 0K [0x00000000d5580000, 0x00000000d6c00000, 0x0000000100000000)
  eden space 19456K, 0% used [0x00000000d5580000,0x00000000d5580000,0x00000000d6880000)
  from space 1024K, 0% used [0x00000000d6b00000,0x00000000d6b00000,0x00000000d6c00000)
  to   space 1024K, 0% used [0x00000000d6a00000,0x00000000d6a00000,0x00000000d6b00000)
 ParOldGen       total 68608K, used 42203K [0x0000000080000000, 0x0000000084300000, 0x00000000d5580000)
  object space 68608K, 61% used [0x0000000080000000,0x0000000082936e40,0x0000000084300000)
 Metaspace       used 58525K, committed 59776K, reserved 1114112K
  class space    used 6353K, committed 6912K, reserved 1048576K
}
Event: 78.190 GC heap before
{Heap before GC invocations=34 (full 3):
 PSYoungGen      total 20480K, used 19456K [0x00000000d5580000, 0x00000000d6c00000, 0x0000000100000000)
  eden space 19456K, 100% used [0x00000000d5580000,0x00000000d6880000,0x00000000d6880000)
  from space 1024K, 0% used [0x00000000d6b00000,0x00000000d6b00000,0x00000000d6c00000)
  to   space 1024K, 0% used [0x00000000d6a00000,0x00000000d6a00000,0x00000000d6b00000)
 ParOldGen       total 68608K, used 42203K [0x0000000080000000, 0x0000000084300000, 0x00000000d5580000)
  object space 68608K, 61% used [0x0000000080000000,0x0000000082936e40,0x0000000084300000)
 Metaspace       used 58712K, committed 59968K, reserved 1114112K
  class space    used 6364K, committed 6976K, reserved 1048576K
}
Event: 78.193 GC heap after
{Heap after GC invocations=34 (full 3):
 PSYoungGen      total 20480K, used 993K [0x00000000d5580000, 0x00000000d6c80000, 0x0000000100000000)
  eden space 19456K, 0% used [0x00000000d5580000,0x00000000d5580000,0x00000000d6880000)
  from space 1024K, 96% used [0x00000000d6a00000,0x00000000d6af8458,0x00000000d6b00000)
  to   space 1536K, 0% used [0x00000000d6b00000,0x00000000d6b00000,0x00000000d6c80000)
 ParOldGen       total 68608K, used 42797K [0x0000000080000000, 0x0000000084300000, 0x00000000d5580000)
  object space 68608K, 62% used [0x0000000080000000,0x00000000829cb528,0x0000000084300000)
 Metaspace       used 58712K, committed 59968K, reserved 1114112K
  class space    used 6364K, committed 6976K, reserved 1048576K
}

Dll operation events (12 events):
Event: 0.068 Loaded shared library c:\Users\Prajwal\.vscode\extensions\redhat.java-1.54.0-win32-x64\jre\21.0.10-win32-x86_64\bin\java.dll
Event: 0.232 Loaded shared library c:\Users\Prajwal\.vscode\extensions\redhat.java-1.54.0-win32-x64\jre\21.0.10-win32-x86_64\bin\zip.dll
Event: 0.258 Loaded shared library C:\Users\Prajwal\.vscode\extensions\redhat.java-1.54.0-win32-x64\jre\21.0.10-win32-x86_64\bin\instrument.dll
Event: 0.266 Loaded shared library C:\Users\Prajwal\.vscode\extensions\redhat.java-1.54.0-win32-x64\jre\21.0.10-win32-x86_64\bin\net.dll
Event: 0.270 Loaded shared library C:\Users\Prajwal\.vscode\extensions\redhat.java-1.54.0-win32-x64\jre\21.0.10-win32-x86_64\bin\nio.dll
Event: 0.275 Loaded shared library C:\Users\Prajwal\.vscode\extensions\redhat.java-1.54.0-win32-x64\jre\21.0.10-win32-x86_64\bin\zip.dll
Event: 0.301 Loaded shared library C:\Users\Prajwal\.vscode\extensions\redhat.java-1.54.0-win32-x64\jre\21.0.10-win32-x86_64\bin\jimage.dll
Event: 0.404 Loaded shared library c:\Users\Prajwal\.vscode\extensions\redhat.java-1.54.0-win32-x64\jre\21.0.10-win32-x86_64\bin\verify.dll
Event: 13.772 Loaded shared library C:\Users\Prajwal\AppData\Roaming\Code\User\globalStorage\redhat.java\1.54.0\config_win\org.eclipse.equinox.launcher\org.eclipse.equinox.launcher.win32.win32.x86_64_1.3.0.v20260203-2149\eclipse_11919.dll
Event: 35.765 Loaded shared library C:\Users\Prajwal\AppData\Local\Temp\jna-1342430519\jna7687318069448875393.dll
Event: 60.556 Loaded shared library C:\Users\Prajwal\.vscode\extensions\redhat.java-1.54.0-win32-x64\jre\21.0.10-win32-x86_64\bin\sunmscapi.dll
Event: 62.537 Loaded shared library C:\Users\Prajwal\.vscode\extensions\redhat.java-1.54.0-win32-x64\jre\21.0.10-win32-x86_64\bin\extnet.dll

Deoptimization events (20 events):
Event: 76.523 Thread 0x00000219f84fbd40 DEOPT PACKING pc=0x00000219e60c0b64 sp=0x000000ddee6fe830
Event: 76.523 Thread 0x00000219f84fbd40 DEOPT UNPACKING pc=0x00000219e5a33aa2 sp=0x000000ddee6fe7c8 mode 2
Event: 77.245 Thread 0x00000219f84f8f50 DEOPT PACKING pc=0x00000219dea2dc39 sp=0x000000ddee4fc770
Event: 77.245 Thread 0x00000219f84f8f50 DEOPT UNPACKING pc=0x00000219e5a34242 sp=0x000000ddee4fbc70 mode 0
Event: 77.686 Thread 0x00000219f84fbd40 DEOPT PACKING pc=0x00000219dee49eb3 sp=0x000000ddee6fac90
Event: 77.686 Thread 0x00000219f84fbd40 DEOPT UNPACKING pc=0x00000219e5a34242 sp=0x000000ddee6fa1c0 mode 0
Event: 78.119 Thread 0x00000219f84fbd40 Uncommon trap: trap_request=0xffffff45 fr.pc=0x00000219e6111480 relative=0x0000000000000420
Event: 78.119 Thread 0x00000219f84fbd40 Uncommon trap: reason=unstable_if action=reinterpret pc=0x00000219e6111480 method=org.lombokweb.asm.MethodWriter.computeMethodInfoSize()I @ 228 c2
Event: 78.119 Thread 0x00000219f84fbd40 DEOPT PACKING pc=0x00000219e6111480 sp=0x000000ddee6fad80
Event: 78.119 Thread 0x00000219f84fbd40 DEOPT UNPACKING pc=0x00000219e5a33aa2 sp=0x000000ddee6fad20 mode 2
Event: 78.122 Thread 0x00000219f84fbd40 Uncommon trap: trap_request=0xffffff45 fr.pc=0x00000219e61564e0 relative=0x0000000000001220
Event: 78.122 Thread 0x00000219f84fbd40 Uncommon trap: reason=unstable_if action=reinterpret pc=0x00000219e61564e0 method=org.lombokweb.asm.MethodWriter.putMethodInfo(Lorg/lombokweb/asm/ByteVector;)V @ 374 c2
Event: 78.122 Thread 0x00000219f84fbd40 DEOPT PACKING pc=0x00000219e61564e0 sp=0x000000ddee6fad50
Event: 78.122 Thread 0x00000219f84fbd40 DEOPT UNPACKING pc=0x00000219e5a33aa2 sp=0x000000ddee6facf8 mode 2
Event: 78.140 Thread 0x00000219f84fbd40 DEOPT PACKING pc=0x00000219dee4d2f1 sp=0x000000ddee6fac00
Event: 78.141 Thread 0x00000219f84fbd40 DEOPT UNPACKING pc=0x00000219e5a34242 sp=0x000000ddee6fa1a8 mode 0
Event: 78.251 Thread 0x00000219f84fbd40 DEOPT PACKING pc=0x00000219dee4d2f1 sp=0x000000ddee6fac00
Event: 78.251 Thread 0x00000219f84fbd40 DEOPT UNPACKING pc=0x00000219e5a34242 sp=0x000000ddee6fa1a8 mode 0
Event: 78.272 Thread 0x00000219f84fbd40 DEOPT PACKING pc=0x00000219dee4d2f1 sp=0x000000ddee6fac00
Event: 78.272 Thread 0x00000219f84fbd40 DEOPT UNPACKING pc=0x00000219e5a34242 sp=0x000000ddee6fa1a8 mode 0

Classes loaded (20 events):
Event: 69.674 Loading class java/lang/ProcessEnvironment$CheckedKeySet
Event: 69.674 Loading class java/lang/ProcessEnvironment$CheckedKeySet done
Event: 70.803 Loading class java/util/concurrent/CompletableFuture$AltResult
Event: 70.806 Loading class java/util/concurrent/CompletableFuture$AltResult done
Event: 70.806 Loading class java/util/concurrent/CompletableFuture$Completion
Event: 70.823 Loading class java/util/concurrent/CompletableFuture$AsynchronousCompletionTask
Event: 70.823 Loading class java/util/concurrent/CompletableFuture$AsynchronousCompletionTask done
Event: 70.825 Loading class java/util/concurrent/CompletableFuture$Completion done
Event: 71.105 Loading class java/util/regex/Pattern$Pos
Event: 71.106 Loading class java/util/regex/Pattern$Pos done
Event: 71.186 Loading class sun/security/provider/MD5
Event: 71.187 Loading class sun/security/provider/MD5 done
Event: 71.188 Loading class sun/security/provider/ByteArrayAccess$LE
Event: 71.189 Loading class sun/security/provider/ByteArrayAccess$LE done
Event: 72.252 Loading class java/util/concurrent/ForkJoinTask$AdaptedCallable
Event: 72.253 Loading class java/util/concurrent/ForkJoinTask$AdaptedCallable done
Event: 73.778 Loading class java/util/WeakHashMap$KeyIterator
Event: 73.780 Loading class java/util/WeakHashMap$KeyIterator done
Event: 76.689 Loading class java/util/regex/Pattern$Caret
Event: 76.691 Loading class java/util/regex/Pattern$Caret done

Classes unloaded (8 events):
Event: 40.744 Thread 0x00000219db245010 Unloading class 0x00000219811a8c00 'java/lang/invoke/LambdaForm$MH+0x00000219811a8c00'
Event: 40.744 Thread 0x00000219db245010 Unloading class 0x00000219811a8800 'java/lang/invoke/LambdaForm$MH+0x00000219811a8800'
Event: 40.744 Thread 0x00000219db245010 Unloading class 0x00000219811a8400 'java/lang/invoke/LambdaForm$MH+0x00000219811a8400'
Event: 40.744 Thread 0x00000219db245010 Unloading class 0x00000219811a8000 'java/lang/invoke/LambdaForm$MH+0x00000219811a8000'
Event: 40.744 Thread 0x00000219db245010 Unloading class 0x00000219811a7c00 'java/lang/invoke/LambdaForm$BMH+0x00000219811a7c00'
Event: 40.744 Thread 0x00000219db245010 Unloading class 0x00000219811a7800 'java/lang/invoke/LambdaForm$DMH+0x00000219811a7800'
Event: 40.744 Thread 0x00000219db245010 Unloading class 0x00000219811a6400 'java/lang/invoke/LambdaForm$DMH+0x00000219811a6400'
Event: 76.926 Thread 0x00000219db245010 Unloading class 0x00000219816c8400 'java/lang/invoke/LambdaForm$MH+0x00000219816c8400'

Classes redefined (0 events):
No events

Internal exceptions (20 events):
Event: 71.710 Thread 0x00000219f84f8f50 Exception <a 'java/lang/NoSuchMethodError'{0x00000000d60e2868}: 'java.lang.Object java.lang.invoke.DirectMethodHandle$Holder.invokeVirtual(java.lang.Object, java.lang.Object, int)'> (0x00000000d60e2868) 
thrown [s\src\hotspot\share\interpreter\linkResolver.cpp, line 773]
Event: 72.244 Thread 0x00000219f84f8f50 Exception <a 'sun/nio/fs/WindowsException'{0x00000000d6599b20}> (0x00000000d6599b20) 
thrown [s\src\hotspot\share\prims\jni.cpp, line 520]
Event: 72.287 Thread 0x00000219f84f8f50 Exception <a 'sun/nio/fs/WindowsException'{0x00000000d65bcd78}> (0x00000000d65bcd78) 
thrown [s\src\hotspot\share\prims\jni.cpp, line 520]
Event: 72.289 Thread 0x00000219fb567150 Exception <a 'sun/nio/fs/WindowsException'{0x00000000d65da718}> (0x00000000d65da718) 
thrown [s\src\hotspot\share\prims\jni.cpp, line 520]
Event: 72.292 Thread 0x00000219fb567150 Exception <a 'sun/nio/fs/WindowsException'{0x00000000d65dfa70}> (0x00000000d65dfa70) 
thrown [s\src\hotspot\share\prims\jni.cpp, line 520]
Event: 72.296 Thread 0x00000219fb566ac0 Exception <a 'sun/nio/fs/WindowsException'{0x00000000d65efd10}> (0x00000000d65efd10) 
thrown [s\src\hotspot\share\prims\jni.cpp, line 520]
Event: 72.303 Thread 0x00000219fb566430 Exception <a 'sun/nio/fs/WindowsException'{0x00000000d65e51c0}> (0x00000000d65e51c0) 
thrown [s\src\hotspot\share\prims\jni.cpp, line 520]
Event: 72.304 Thread 0x00000219fb5649f0 Exception <a 'sun/nio/fs/WindowsException'{0x00000000d65fad90}> (0x00000000d65fad90) 
thrown [s\src\hotspot\share\prims\jni.cpp, line 520]
Event: 72.319 Thread 0x00000219fb566430 Exception <a 'sun/nio/fs/WindowsException'{0x00000000d65e6710}> (0x00000000d65e6710) 
thrown [s\src\hotspot\share\prims\jni.cpp, line 520]
Event: 72.320 Thread 0x00000219fa281740 Exception <a 'sun/nio/fs/WindowsException'{0x00000000d6626328}> (0x00000000d6626328) 
thrown [s\src\hotspot\share\prims\jni.cpp, line 520]
Event: 72.324 Thread 0x00000219fb5677e0 Exception <a 'sun/nio/fs/WindowsException'{0x00000000d6605d30}> (0x00000000d6605d30) 
thrown [s\src\hotspot\share\prims\jni.cpp, line 520]
Event: 72.324 Thread 0x00000219fa27e2c0 Exception <a 'sun/nio/fs/WindowsException'{0x00000000d663bf00}> (0x00000000d663bf00) 
thrown [s\src\hotspot\share\prims\jni.cpp, line 520]
Event: 72.326 Thread 0x00000219fa280390 Exception <a 'sun/nio/fs/WindowsException'{0x00000000d661b7a8}> (0x00000000d661b7a8) 
thrown [s\src\hotspot\share\prims\jni.cpp, line 520]
Event: 72.424 Thread 0x00000219f84f8f50 Exception <a 'sun/nio/fs/WindowsException'{0x00000000d65c2658}> (0x00000000d65c2658) 
thrown [s\src\hotspot\share\prims\jni.cpp, line 520]
Event: 72.455 Thread 0x00000219f84f8f50 Exception <a 'sun/nio/fs/WindowsException'{0x00000000d65d76c0}> (0x00000000d65d76c0) 
thrown [s\src\hotspot\share\prims\jni.cpp, line 520]
Event: 73.745 Thread 0x00000219f84f6e80 Exception <a 'sun/nio/fs/WindowsException'{0x00000000d5d35228}> (0x00000000d5d35228) 
thrown [s\src\hotspot\share\prims\jni.cpp, line 520]
Event: 73.745 Thread 0x00000219f84f6e80 Exception <a 'sun/nio/fs/WindowsException'{0x00000000d5d35d58}> (0x00000000d5d35d58) 
thrown [s\src\hotspot\share\prims\jni.cpp, line 520]
Event: 73.792 Thread 0x00000219f84f6e80 Exception <a 'java/io/FileNotFoundException'{0x00000000d5e49f00}> (0x00000000d5e49f00) 
thrown [s\src\hotspot\share\prims\jni.cpp, line 520]
Event: 73.794 Thread 0x00000219f84f6e80 Exception <a 'java/io/FileNotFoundException'{0x00000000d5e4afe8}> (0x00000000d5e4afe8) 
thrown [s\src\hotspot\share\prims\jni.cpp, line 520]
Event: 73.796 Thread 0x00000219f84f6e80 Exception <a 'java/io/FileNotFoundException'{0x00000000d5e4bd50}> (0x00000000d5e4bd50) 
thrown [s\src\hotspot\share\prims\jni.cpp, line 520]

ZGC Phase Switch (0 events):
No events

VM Operations (20 events):
Event: 71.733 Executing non-safepoint VM operation: HandshakeAllThreads (Deoptimize) done
Event: 72.735 Executing safepoint VM operation: Cleanup
Event: 72.751 Executing safepoint VM operation: Cleanup done
Event: 72.869 Executing safepoint VM operation: ParallelGCFailedAllocation (Allocation Failure)
Event: 72.883 Executing safepoint VM operation: ParallelGCFailedAllocation (Allocation Failure) done
Event: 73.891 Executing safepoint VM operation: Cleanup
Event: 73.892 Executing safepoint VM operation: Cleanup done
Event: 74.897 Executing safepoint VM operation: Cleanup
Event: 74.914 Executing safepoint VM operation: Cleanup done
Event: 75.562 Executing safepoint VM operation: ParallelGCFailedAllocation (Allocation Failure)
Event: 75.571 Executing safepoint VM operation: ParallelGCFailedAllocation (Allocation Failure) done
Event: 76.577 Executing safepoint VM operation: Cleanup
Event: 76.578 Executing safepoint VM operation: Cleanup done
Event: 76.858 Executing safepoint VM operation: CollectForMetadataAllocation (Metadata GC Threshold)
Event: 77.169 Executing safepoint VM operation: CollectForMetadataAllocation (Metadata GC Threshold) done
Event: 78.173 Executing safepoint VM operation: Cleanup
Event: 78.174 Executing safepoint VM operation: Cleanup done
Event: 78.190 Executing safepoint VM operation: ParallelGCFailedAllocation (Allocation Failure)
Event: 78.193 Executing safepoint VM operation: ParallelGCFailedAllocation (Allocation Failure) done
Event: 79.207 Executing safepoint VM operation: Cleanup

Memory protections (0 events):
No events

Nmethod flushes (20 events):
Event: 76.981 Thread 0x00000219db245010 flushing  nmethod 0x00000219deeb2110
Event: 76.981 Thread 0x00000219db245010 flushing  nmethod 0x00000219deecd290
Event: 76.981 Thread 0x00000219db245010 flushing  nmethod 0x00000219deecf610
Event: 76.981 Thread 0x00000219db245010 flushing  nmethod 0x00000219deed5b10
Event: 76.981 Thread 0x00000219db245010 flushing  nmethod 0x00000219deed7110
Event: 76.981 Thread 0x00000219db245010 flushing  nmethod 0x00000219deeddd90
Event: 76.981 Thread 0x00000219db245010 flushing  nmethod 0x00000219deede610
Event: 76.981 Thread 0x00000219db245010 flushing  nmethod 0x00000219def29810
Event: 76.981 Thread 0x00000219db245010 flushing  nmethod 0x00000219def2fd10
Event: 76.981 Thread 0x00000219db245010 flushing  nmethod 0x00000219def34690
Event: 76.981 Thread 0x00000219db245010 flushing  nmethod 0x00000219def41810
Event: 76.981 Thread 0x00000219db245010 flushing osr nmethod 0x00000219def44990
Event: 76.981 Thread 0x00000219db245010 flushing  nmethod 0x00000219def47f90
Event: 76.981 Thread 0x00000219db245010 flushing  nmethod 0x00000219def48590
Event: 76.981 Thread 0x00000219db245010 flushing  nmethod 0x00000219def50890
Event: 76.981 Thread 0x00000219db245010 flushing  nmethod 0x00000219def73a10
Event: 76.981 Thread 0x00000219db245010 flushing  nmethod 0x00000219def74f10
Event: 76.981 Thread 0x00000219db245010 flushing  nmethod 0x00000219def8ef10
Event: 76.981 Thread 0x00000219db245010 flushing  nmethod 0x00000219defeef90
Event: 76.981 Thread 0x00000219db245010 flushing  nmethod 0x00000219defef590

Events (20 events):
Event: 72.310 Thread 0x00000219fb5649f0 Thread added: 0x00000219fa281740
Event: 72.311 Thread 0x00000219fb567150 Thread added: 0x00000219fa280a20
Event: 72.312 Thread 0x00000219fb566430 Thread added: 0x00000219fa2810b0
Event: 72.317 Thread 0x00000219fb5649f0 Thread added: 0x00000219fa27e2c0
Event: 72.319 Thread 0x00000219fa280390 Thread added: 0x00000219fa281dd0
Event: 72.661 Thread 0x00000219f84f8f50 Thread added: 0x00000219fa27e950
Event: 72.662 Thread 0x00000219f84f8f50 Thread added: 0x00000219fa282460
Event: 72.669 Thread 0x00000219fa27e950 Thread added: 0x00000219fa27efe0
Event: 72.677 Thread 0x00000219fa282460 Thread added: 0x00000219fa284bc0
Event: 72.691 Thread 0x00000219f84f8f50 Thread added: 0x00000219fa282af0
Event: 72.693 Thread 0x00000219fa284bc0 Thread added: 0x00000219fa283180
Event: 72.696 Thread 0x00000219fa27efe0 Thread added: 0x00000219fa285250
Event: 72.703 Thread 0x00000219fa283180 Thread added: 0x00000219fa283810
Event: 72.708 Thread 0x00000219fa282af0 Thread added: 0x00000219fa284530
Event: 72.709 Thread 0x00000219f84f8f50 Thread added: 0x00000219fa283ea0
Event: 73.116 Thread 0x00000219f957f490 Thread exited: 0x00000219f957f490
Event: 77.361 Thread 0x00000219f3bb45f0 Thread added: 0x00000219f8a34550
Event: 78.077 Thread 0x00000219f8a34550 Thread exited: 0x00000219f8a34550
Event: 78.203 Thread 0x00000219f3bb45f0 Thread added: 0x00000219f8a34550
Event: 78.278 Thread 0x00000219f3bb45f0 Thread added: 0x00000219f865e060


Dynamic libraries:
0x00007ff678630000 - 0x00007ff67863e000 	c:\Users\Prajwal\.vscode\extensions\redhat.java-1.54.0-win32-x64\jre\21.0.10-win32-x86_64\bin\java.exe
0x00007ffc59200000 - 0x00007ffc59467000 	C:\windows\SYSTEM32\ntdll.dll
0x00007ffc57a50000 - 0x00007ffc57b19000 	C:\windows\System32\KERNEL32.DLL
0x00007ffc56b90000 - 0x00007ffc56f84000 	C:\windows\System32\KERNELBASE.dll
0x00007ffc56520000 - 0x00007ffc5666b000 	C:\windows\System32\ucrtbase.dll
0x00007ffbda170000 - 0x00007ffbda188000 	c:\Users\Prajwal\.vscode\extensions\redhat.java-1.54.0-win32-x64\jre\21.0.10-win32-x86_64\bin\jli.dll
0x00007ffbd9070000 - 0x00007ffbd908e000 	c:\Users\Prajwal\.vscode\extensions\redhat.java-1.54.0-win32-x64\jre\21.0.10-win32-x86_64\bin\VCRUNTIME140.dll
0x00007ffc58440000 - 0x00007ffc58605000 	C:\windows\System32\USER32.dll
0x00007ffc568a0000 - 0x00007ffc568c7000 	C:\windows\System32\win32u.dll
0x00007ffc34fb0000 - 0x00007ffc35243000 	C:\windows\WinSxS\amd64_microsoft.windows.common-controls_6595b64144ccf1df_6.0.26100.8115_none_3e075c82e3354f9c\COMCTL32.dll
0x00007ffc579a0000 - 0x00007ffc579cb000 	C:\windows\System32\GDI32.dll
0x00007ffc590e0000 - 0x00007ffc59189000 	C:\windows\System32\msvcrt.dll
0x00007ffc56340000 - 0x00007ffc5646b000 	C:\windows\System32\gdi32full.dll
0x00007ffc56670000 - 0x00007ffc56713000 	C:\windows\System32\msvcp_win.dll
0x00007ffc58fa0000 - 0x00007ffc58fd2000 	C:\windows\System32\IMM32.DLL
0x00007ffbf4d80000 - 0x00007ffbf4d8c000 	c:\Users\Prajwal\.vscode\extensions\redhat.java-1.54.0-win32-x64\jre\21.0.10-win32-x86_64\bin\vcruntime140_1.dll
0x00007ffbbfc60000 - 0x00007ffbbfced000 	c:\Users\Prajwal\.vscode\extensions\redhat.java-1.54.0-win32-x64\jre\21.0.10-win32-x86_64\bin\msvcp140.dll
0x00007ffbacae0000 - 0x00007ffbad881000 	c:\Users\Prajwal\.vscode\extensions\redhat.java-1.54.0-win32-x64\jre\21.0.10-win32-x86_64\bin\server\jvm.dll
0x00007ffc58e60000 - 0x00007ffc58f16000 	C:\windows\System32\ADVAPI32.dll
0x00007ffc58390000 - 0x00007ffc58437000 	C:\windows\System32\sechost.dll
0x00007ffc58610000 - 0x00007ffc58728000 	C:\windows\System32\RPCRT4.dll
0x00007ffc58dd0000 - 0x00007ffc58e50000 	C:\windows\System32\WS2_32.dll
0x00007ffc55240000 - 0x00007ffc5529e000 	C:\windows\SYSTEM32\POWRPROF.dll
0x00007ffc4b4c0000 - 0x00007ffc4b4cb000 	C:\windows\SYSTEM32\VERSION.dll
0x00007ffc49520000 - 0x00007ffc49556000 	C:\windows\SYSTEM32\WINMM.dll
0x00007ffc55200000 - 0x00007ffc55214000 	C:\windows\SYSTEM32\UMPDC.dll
0x00007ffc54860000 - 0x00007ffc5487b000 	C:\windows\SYSTEM32\kernel.appcore.dll
0x00007ffbf0890000 - 0x00007ffbf089a000 	c:\Users\Prajwal\.vscode\extensions\redhat.java-1.54.0-win32-x64\jre\21.0.10-win32-x86_64\bin\jimage.dll
0x00007ffc531a0000 - 0x00007ffc533e2000 	C:\windows\SYSTEM32\DBGHELP.DLL
0x00007ffc56f90000 - 0x00007ffc57312000 	C:\windows\System32\combase.dll
0x00007ffc582b0000 - 0x00007ffc58388000 	C:\windows\System32\OLEAUT32.dll
0x00007ffc26840000 - 0x00007ffc2687b000 	C:\windows\SYSTEM32\dbgcore.DLL
0x00007ffc56470000 - 0x00007ffc56515000 	C:\windows\System32\bcryptPrimitives.dll
0x00007ffc4bc90000 - 0x00007ffc4bc9f000 	c:\Users\Prajwal\.vscode\extensions\redhat.java-1.54.0-win32-x64\jre\21.0.10-win32-x86_64\bin\instrument.dll
0x00007ffbd5130000 - 0x00007ffbd5150000 	c:\Users\Prajwal\.vscode\extensions\redhat.java-1.54.0-win32-x64\jre\21.0.10-win32-x86_64\bin\java.dll
0x00007ffc57b20000 - 0x00007ffc58287000 	C:\windows\System32\SHELL32.dll
0x00007ffc56a20000 - 0x00007ffc56b8a000 	C:\windows\System32\wintypes.dll
0x00007ffc55ad0000 - 0x00007ffc56338000 	C:\windows\System32\windows.storage.dll
0x00007ffc58fe0000 - 0x00007ffc590d8000 	C:\windows\System32\SHCORE.dll
0x00007ffc579d0000 - 0x00007ffc57a36000 	C:\windows\System32\shlwapi.dll
0x00007ffc559f0000 - 0x00007ffc55a19000 	C:\windows\SYSTEM32\profapi.dll
0x00007ffbcf060000 - 0x00007ffbcf078000 	c:\Users\Prajwal\.vscode\extensions\redhat.java-1.54.0-win32-x64\jre\21.0.10-win32-x86_64\bin\zip.dll
0x00007ffbe2250000 - 0x00007ffbe2260000 	C:\Users\Prajwal\.vscode\extensions\redhat.java-1.54.0-win32-x64\jre\21.0.10-win32-x86_64\bin\net.dll
0x00007ffc4f4b0000 - 0x00007ffc4f5dd000 	C:\windows\SYSTEM32\WINHTTP.dll
0x00007ffc54e40000 - 0x00007ffc54eac000 	C:\windows\system32\mswsock.dll
0x00007ffbcd730000 - 0x00007ffbcd746000 	C:\Users\Prajwal\.vscode\extensions\redhat.java-1.54.0-win32-x64\jre\21.0.10-win32-x86_64\bin\nio.dll
0x00007ffbe20d0000 - 0x00007ffbe20e0000 	c:\Users\Prajwal\.vscode\extensions\redhat.java-1.54.0-win32-x64\jre\21.0.10-win32-x86_64\bin\verify.dll
0x00007ffbe43d0000 - 0x00007ffbe4415000 	C:\Users\Prajwal\AppData\Roaming\Code\User\globalStorage\redhat.java\1.54.0\config_win\org.eclipse.equinox.launcher\org.eclipse.equinox.launcher.win32.win32.x86_64_1.3.0.v20260203-2149\eclipse_11919.dll
0x00007ffc58c20000 - 0x00007ffc58db7000 	C:\windows\System32\ole32.dll
0x00007ffc55140000 - 0x00007ffc5515b000 	C:\windows\SYSTEM32\CRYPTSP.dll
0x00007ffc547c0000 - 0x00007ffc547f9000 	C:\windows\system32\rsaenh.dll
0x00007ffc54ef0000 - 0x00007ffc54f23000 	C:\windows\SYSTEM32\USERENV.dll
0x00007ffc559c0000 - 0x00007ffc559ea000 	C:\windows\SYSTEM32\bcrypt.dll
0x00007ffc55160000 - 0x00007ffc5516c000 	C:\windows\SYSTEM32\CRYPTBASE.dll
0x00007ffc54200000 - 0x00007ffc54232000 	C:\windows\SYSTEM32\IPHLPAPI.DLL
0x00007ffc57a40000 - 0x00007ffc57a4a000 	C:\windows\System32\NSI.dll
0x00007ffbe3190000 - 0x00007ffbe31d9000 	C:\Users\Prajwal\AppData\Local\Temp\jna-1342430519\jna7687318069448875393.dll
0x00007ffc58dc0000 - 0x00007ffc58dc8000 	C:\windows\System32\PSAPI.DLL
0x00007ffc50740000 - 0x00007ffc5075d000 	C:\windows\SYSTEM32\dhcpcsvc6.DLL
0x00007ffc506f0000 - 0x00007ffc50715000 	C:\windows\SYSTEM32\dhcpcsvc.DLL
0x00007ffc1a280000 - 0x00007ffc1a28e000 	C:\Users\Prajwal\.vscode\extensions\redhat.java-1.54.0-win32-x64\jre\21.0.10-win32-x86_64\bin\sunmscapi.dll
0x00007ffc56720000 - 0x00007ffc56897000 	C:\windows\System32\CRYPT32.dll
0x00007ffc553f0000 - 0x00007ffc55420000 	C:\windows\SYSTEM32\ncrypt.dll
0x00007ffc553a0000 - 0x00007ffc553df000 	C:\windows\SYSTEM32\NTASN1.dll
0x00007ffc54240000 - 0x00007ffc54372000 	C:\windows\SYSTEM32\DNSAPI.dll
0x00007ffc4cb90000 - 0x00007ffc4cb9b000 	C:\Windows\System32\rasadhlp.dll
0x00007ffc50970000 - 0x00007ffc509f6000 	C:\windows\System32\fwpuclnt.dll
0x00007ffc3b3f0000 - 0x00007ffc3b3f9000 	C:\Users\Prajwal\.vscode\extensions\redhat.java-1.54.0-win32-x64\jre\21.0.10-win32-x86_64\bin\extnet.dll

JVMTI agents:
c:\Users\Prajwal\.vscode\extensions\redhat.java-1.54.0-win32-x64\lombok\lombok-1.18.39-4050.jar path:c:\Users\Prajwal\.vscode\extensions\redhat.java-1.54.0-win32-x64\jre\21.0.10-win32-x86_64\bin\instrument.dll, loaded, initialized, instrumentlib options:none

dbghelp: loaded successfully - version: 4.0.5 - missing functions: none
symbol engine: initialized successfully - sym options: 0x614 - pdb path: .;c:\Users\Prajwal\.vscode\extensions\redhat.java-1.54.0-win32-x64\jre\21.0.10-win32-x86_64\bin;C:\windows\SYSTEM32;C:\windows\WinSxS\amd64_microsoft.windows.common-controls_6595b64144ccf1df_6.0.26100.8115_none_3e075c82e3354f9c;c:\Users\Prajwal\.vscode\extensions\redhat.java-1.54.0-win32-x64\jre\21.0.10-win32-x86_64\bin\server;C:\Users\Prajwal\AppData\Roaming\Code\User\globalStorage\redhat.java\1.54.0\config_win\org.eclipse.equinox.launcher\org.eclipse.equinox.launcher.win32.win32.x86_64_1.3.0.v20260203-2149;C:\Users\Prajwal\AppData\Local\Temp\jna-1342430519

VM Arguments:
jvm_args: --add-modules=ALL-SYSTEM --add-opens=java.base/java.util=ALL-UNNAMED --add-opens=java.base/java.lang=ALL-UNNAMED --add-opens=java.base/sun.nio.fs=ALL-UNNAMED -Declipse.application=org.eclipse.jdt.ls.core.id1 -Dosgi.bundles.defaultStartLevel=4 -Declipse.product=org.eclipse.jdt.ls.core.product -Djava.import.generatesMetadataFilesAtProjectRoot=false -DDetectVMInstallationsJob.disabled=true -Dfile.encoding=utf8 -XX:+UseParallelGC -XX:GCTimeRatio=4 -XX:AdaptiveSizePolicyWeight=90 -Dsun.zip.disableMemoryMapping=true -Xmx2G -Xms100m -Xlog:disable -javaagent:c:\Users\Prajwal\.vscode\extensions\redhat.java-1.54.0-win32-x64\lombok\lombok-1.18.39-4050.jar -XX:+HeapDumpOnOutOfMemoryError -XX:HeapDumpPath=c:\Users\Prajwal\AppData\Roaming\Code\User\workspaceStorage\c86fa4488c913e18fb05ac187a5de860\redhat.java -Daether.dependencyCollector.impl=bf 
java_command: c:\Users\Prajwal\.vscode\extensions\redhat.java-1.54.0-win32-x64\server\plugins\org.eclipse.equinox.launcher_1.7.100.v20251111-0406.jar -configuration c:\Users\Prajwal\AppData\Roaming\Code\User\globalStorage\redhat.java\1.54.0\config_win -data c:\Users\Prajwal\AppData\Roaming\Code\User\workspaceStorage\c86fa4488c913e18fb05ac187a5de860\redhat.java\jdt_ws --pipe=\\.\pipe\lsp-3b8f4dab98587d8c5c144d66e787ff5f-sock
java_class_path (initial): c:\Users\Prajwal\.vscode\extensions\redhat.java-1.54.0-win32-x64\server\plugins\org.eclipse.equinox.launcher_1.7.100.v20251111-0406.jar
Launcher Type: SUN_STANDARD

[Global flags]
    uintx AdaptiveSizePolicyWeight                 = 90                                        {product} {command line}
     intx CICompilerCount                          = 4                                         {product} {ergonomic}
    uintx GCTimeRatio                              = 4                                         {product} {command line}
     bool HeapDumpOnOutOfMemoryError               = true                                   {manageable} {command line}
    ccstr HeapDumpPath                             = c:\Users\Prajwal\AppData\Roaming\Code\User\workspaceStorage\c86fa4488c913e18fb05ac187a5de860\redhat.java         {manageable} {command line}
   size_t InitialHeapSize                          = 104857600                                 {product} {command line}
   size_t MaxHeapSize                              = 2147483648                                {product} {command line}
   size_t MaxNewSize                               = 715653120                                 {product} {ergonomic}
   size_t MinHeapDeltaBytes                        = 524288                                    {product} {ergonomic}
   size_t MinHeapSize                              = 104857600                                 {product} {command line}
   size_t NewSize                                  = 34603008                                  {product} {ergonomic}
    uintx NonNMethodCodeHeapSize                   = 5839372                                {pd product} {ergonomic}
    uintx NonProfiledCodeHeapSize                  = 122909434                              {pd product} {ergonomic}
   size_t OldSize                                  = 70254592                                  {product} {ergonomic}
    uintx ProfiledCodeHeapSize                     = 122909434                              {pd product} {ergonomic}
    uintx ReservedCodeCacheSize                    = 251658240                              {pd product} {ergonomic}
     bool SegmentedCodeCache                       = true                                      {product} {ergonomic}
   size_t SoftMaxHeapSize                          = 2147483648                             {manageable} {ergonomic}
     bool UseCompressedOops                        = true                           {product lp64_product} {ergonomic}
     bool UseLargePagesIndividualAllocation        = false                                  {pd product} {ergonomic}
     bool UseParallelGC                            = true                                      {product} {command line}

Logging:
Log output configuration:
 #0: stdout all=off uptime,level,tags foldmultilines=false
 #1: stderr all=off uptime,level,tags foldmultilines=false

Release file:
JAVA_VERSION="21.0.10" 
MODULES="java.base java.compiler java.datatransfer java.xml java.prefs java.desktop java.instrument java.logging java.management java.security.sasl java.naming java.rmi java.management.rmi java.net.http java.scripting java.security.jgss java.transaction.xa java.sql java.sql.rowset java.xml.crypto java.se java.smartcardio jdk.accessibility jdk.internal.jvmstat jdk.attach jdk.charsets jdk.internal.opt jdk.zipfs jdk.compiler jdk.crypto.ec jdk.crypto.cryptoki jdk.crypto.mscapi jdk.dynalink jdk.internal.ed jdk.editpad jdk.hotspot.agent jdk.httpserver jdk.internal.le jdk.internal.vm.ci jdk.internal.vm.compiler jdk.internal.vm.compiler.management jdk.jartool jdk.javadoc jdk.jcmd jdk.management jdk.management.agent jdk.jconsole jdk.jdeps jdk.jdwp.agent jdk.jdi jdk.jfr jdk.jshell jdk.jsobject jdk.jstatd jdk.localedata jdk.management.jfr jdk.naming.dns jdk.naming.rmi jdk.net jdk.nio.mapmode jdk.random jdk.sctp jdk.security.auth jdk.security.jgss jdk.unsupported jdk.unsupported.desktop jdk.xml.dom" 

Environment Variables:
PATH=C:\Users\Prajwal\AppData\Local\Programs\Microsoft VS Code;C:\oraclexe\app\oracle\product\11.2.0\server\bin;;C:\Program Files\Common Files\Oracle\Java\javapath;C:\windows\system32;C:\windows;C:\windows\System32\Wbem;C:\windows\System32\WindowsPowerShell\v1.0\;C:\windows\System32\OpenSSH\;C:\Program Files (x86)\NVIDIA Corporation\PhysX\Common;C:\Program Files\NVIDIA Corporation\NVIDIA NvDLISR;C:\Users\Administrator\AppData\Local\Microsoft\WindowsApps;;C:\Program Files\HP\OMEN-Broadcast\Common;C:\Users\Prajwal\AppData\Local\Microsoft\WindowsApps;C:\Users\Prajwal\AppData\Local\Programs\Microsoft VS Code\bin
USERNAME=Prajwal
OS=Windows_NT
PROCESSOR_IDENTIFIER=Intel64 Family 6 Model 186 Stepping 2, GenuineIntel
TMP=C:\Users\Prajwal\AppData\Local\Temp
TEMP=C:\Users\Prajwal\AppData\Local\Temp




Periodic native trim disabled

---------------  S Y S T E M  ---------------

OS:
 Windows 11 , 64 bit Build 26100 (10.0.26100.8246)
OS uptime: 1 days 7:43 hours
Hyper-V role detected

CPU: total 12 (initial active 12) (6 cores per cpu, 2 threads per core) family 6 model 186 stepping 2 microcode 0x6134, cx8, cmov, fxsr, ht, mmx, 3dnowpref, sse, sse2, sse3, ssse3, sse4.1, sse4.2, popcnt, lzcnt, tsc, tscinvbit, avx, avx2, aes, erms, clmul, bmi1, bmi2, adx, sha, fma, vzeroupper, clflush, clflushopt, clwb, hv, serialize, rdtscp, rdpid, fsrm, f16c, cet_ibt, cet_ss
Processor Information for processor 0
  Max Mhz: 2100, Current Mhz: 2100, Mhz Limit: 2100
Processor Information for processor 1
  Max Mhz: 2100, Current Mhz: 2100, Mhz Limit: 2100
Processor Information for processor 2
  Max Mhz: 2100, Current Mhz: 2100, Mhz Limit: 2100
Processor Information for processor 3
  Max Mhz: 2100, Current Mhz: 2100, Mhz Limit: 2100
Processor Information for processor 4
  Max Mhz: 2100, Current Mhz: 2100, Mhz Limit: 2100
Processor Information for processor 5
  Max Mhz: 2100, Current Mhz: 2100, Mhz Limit: 2100
Processor Information for processor 6
  Max Mhz: 2100, Current Mhz: 2100, Mhz Limit: 2100
Processor Information for processor 7
  Max Mhz: 2100, Current Mhz: 2100, Mhz Limit: 2100
Processor Information for processor 8
  Max Mhz: 2100, Current Mhz: 1540, Mhz Limit: 2100
Processor Information for processor 9
  Max Mhz: 2100, Current Mhz: 1540, Mhz Limit: 2100
Processor Information for processor 10
  Max Mhz: 2100, Current Mhz: 1540, Mhz Limit: 2100
Processor Information for processor 11
  Max Mhz: 2100, Current Mhz: 1540, Mhz Limit: 2100

Memory: 4k page, system-wide physical 7821M (532M free)
TotalPageFile size 31373M (AvailPageFile size 6M)
current process WorkingSet (physical memory assigned to process): 249M, peak: 249M
current process commit charge ("private bytes"): 362M, peak: 362M

vm_info: OpenJDK 64-Bit Server VM (21.0.10+7-LTS) for windows-amd64 JRE (21.0.10+7-LTS), built on 2026-01-20T00:00:00Z by "admin" with MS VC++ 17.12 (VS2022)

END.
